0.000	ID=	0	Q=	1	Work		4
0.000	ID=	0	Q=	2	Work		2
0.000	ID=	0	Q=	3	Work		1
0.000	ID=	0	Q=	4	Work		1
0.000	ID=	0			Sleep		9
0.093	ID=	0	Q=	5	Work		5
0.093	ID=	0			Sleep		1
0.103	ID=	0	Q=	6	Work		1
0.103	ID=	3			Ask
0.103	ID=	3	Q=	5	Receive		4
0.105	ID=	1			Ask
0.105	ID=	1	Q=	4	Receive		2
0.107	ID=	1			Complete	2
0.107	ID=	1			Ask
0.107	ID=	1	Q=	3	Receive		1
0.108	ID=	3			Complete	4
0.108	ID=	3			Ask
0.108	ID=	3	Q=	2	Receive		1
0.109	ID=	1			Complete	1
0.109	ID=	1			Ask
0.109	ID=	1	Q=	1	Receive		5
0.110	ID=	3			Complete	1
0.110	ID=	3			Ask
0.110	ID=	3	Q=	0	Receive		1
0.111	ID=	3			Complete	1
0.111	ID=	3			Ask
0.111	ID=	2			Ask
0.111	ID=	0	Q=	1	Work		1
0.111	ID=	0	Q=	2	Work		1
0.111	ID=	0			End
0.112	ID=	3	Q=	1	Receive		1
0.113	ID=	3			Complete	1
0.113	ID=	3			Ask
0.113	ID=	3	Q=	0	Receive		1
0.115	ID=	3			Complete	1
0.115	ID=	3			Ask
0.116	ID=	1			Complete	5
0.116	ID=	1			Ask
Summary:
	Work		8
	Ask			11
	Receive		8
	Complete	8
	Sleep		2
	Thread	1	3
	Thread	2	0
	Thread	3	5
Transactions per second:	69.129
